Using pre-set license

 COMMAND LINE ARGUMENTS:
/Users/patkellydesigns/Documents/Unity Projects/2020.3.1f1/Unity.app/Contents/MacOS/Unity
-adb2
-batchMode
-noUpm
-name
AssetImportWorker0
-projectPath
/Users/patkellydesigns/Frogger
-logFile
Logs/AssetImportWorker0.log
-srvPort
54443
Successfully changed project path to: /Users/patkellydesigns/Frogger
/Users/patkellydesigns/Frogger
Using Asset Import Pipeline V2.
Refreshing native plugins compatible for Editor in 30.56 ms, found 1 plugins.
Preloading 0 native plugins for Editor in 0.00 ms.
Initialize engine version: 2020.3.1f1 (77a89f25062f)
[Subsystems] Discovering subsystems at path /Users/patkellydesigns/Documents/Unity Projects/2020.3.1f1/Unity.app/Contents/Resources/UnitySubsystems
[Subsystems] Discovering subsystems at path /Users/patkellydesigns/Frogger/Assets
GfxDevice: creating device client; threaded=0
2021-03-23 12:40:39.623 Unity[54850:2005707] Color LCD preferred device: Intel(R) Iris(TM) Plus Graphics 655 (low power)
2021-03-23 12:40:39.623 Unity[54850:2005707] Metal devices available: 1
2021-03-23 12:40:39.623 Unity[54850:2005707] 0: Intel(R) Iris(TM) Plus Graphics 655 (low power)
2021-03-23 12:40:39.624 Unity[54850:2005707] Using device Intel(R) Iris(TM) Plus Graphics 655 (low power)
Initializing Metal device caps: Intel(R) Iris(TM) Plus Graphics 655
Initialize mono
Mono path[0] = '/Users/patkellydesigns/Documents/Unity Projects/2020.3.1f1/Unity.app/Contents/Managed'
Mono path[1] = '/Users/patkellydesigns/Documents/Unity Projects/2020.3.1f1/Unity.app/Contents/MonoBleedingEdge/lib/mono/unityjit'
Mono config path = '/Users/patkellydesigns/Documents/Unity Projects/2020.3.1f1/Unity.app/Contents/MonoBleedingEdge/etc'
Using monoOptions --debugger-agent=transport=dt_socket,embedding=1,server=y,suspend=n,address=127.0.0.1:56850
Begin MonoManager ReloadAssembly
Registering precompiled unity dll's ...
Register platform support module: /Users/patkellydesigns/Documents/Unity Projects/2020.3.1f1/Unity.app/Contents/PlaybackEngines/MacStandaloneSupport/UnityEditor.OSXStandalone.Extensions.dll
Registered in 0.000567 seconds.
Native extension for OSXStandalone target not found
Refreshing native plugins compatible for Editor in 26.91 ms, found 1 plugins.
Preloading 0 native plugins for Editor in 0.00 ms.
Invoked RoslynAnalysisRunner static constructor.
RoslynAnalysisRunner will not be running.
RoslynAnalysisRunner has terminated.
Mono: successfully reloaded assembly
- Completed reload, in  3.227 seconds
Platform modules already initialized, skipping
Registering precompiled user dll's ...
Registered in 0.000846 seconds.
Begin MonoManager ReloadAssembly
Native extension for OSXStandalone target not found
Refreshing native plugins compatible for Editor in 0.40 ms, found 1 plugins.
Preloading 0 native plugins for Editor in 0.00 ms.
Invoked RoslynAnalysisRunner static constructor.
RoslynAnalysisRunner will not be running.
RoslynAnalysisRunner has terminated.
Mono: successfully reloaded assembly
- Completed reload, in  1.055 seconds
Platform modules already initialized, skipping
========================================================================
Worker process is ready to serve import requests
Launching external process: /Users/patkellydesigns/Documents/Unity Projects/2020.3.1f1/Unity.app/Contents/Tools/UnityShaderCompiler
Launched and connected shader compiler UnityShaderCompiler after 0.02 seconds
Refreshing native plugins compatible for Editor in 0.31 ms, found 1 plugins.
Preloading 0 native plugins for Editor in 0.00 ms.
Unloading 1213 Unused Serialized files (Serialized files now loaded: 0)
System memory in use before: 117.0 MB.
System memory in use after: 117.1 MB.

Unloading 11 unused Assets to reduce memory usage. Loaded Objects now: 1656.
Total: 2.640952 ms (FindLiveObjects: 0.261692 ms CreateObjectMapping: 0.077704 ms MarkObjects: 2.194483 ms  DeleteObjects: 0.104977 ms)

========================================================================
Received Import Request.
  path: Assets/Scripts
  artifactKey: Guid(b3cb18b343d4f4f96adf3e5d878ce3fe) Importer(815301076,1909f56bfc062723c751e8b465ee728b)
Start importing Assets/Scripts using Guid(b3cb18b343d4f4f96adf3e5d878ce3fe) Importer(815301076,1909f56bfc062723c751e8b465ee728b)  -> (artifact id: 'c3a9e9384bf3ca6e9abd6b5d9a322c50') in 0.006729 seconds
  Import took 0.010247 seconds .

========================================================================
Received Import Request.
  Time since last request: 19.804354 seconds.
  path: Assets/Scripts/frog.cs
  artifactKey: Guid(bd1939295518b4028b5d66fbc512fa12) Importer(815301076,1909f56bfc062723c751e8b465ee728b)
Start importing Assets/Scripts/frog.cs using Guid(bd1939295518b4028b5d66fbc512fa12) Importer(815301076,1909f56bfc062723c751e8b465ee728b)  -> (artifact id: 'f64ae15fc3f09ea612b911c762abd71a') in 0.384885 seconds
  Import took 0.387149 seconds .

========================================================================
Received Prepare
Registering precompiled user dll's ...
Registered in 0.000859 seconds.
Begin MonoManager ReloadAssembly
Native extension for OSXStandalone target not found
Refreshing native plugins compatible for Editor in 0.40 ms, found 1 plugins.
Preloading 0 native plugins for Editor in 0.00 ms.
Invoked RoslynAnalysisRunner static constructor.
RoslynAnalysisRunner will not be running.
RoslynAnalysisRunner has terminated.
Mono: successfully reloaded assembly
- Completed reload, in  1.023 seconds
Platform modules already initialized, skipping
Refreshing native plugins compatible for Editor in 0.28 ms, found 1 plugins.
Preloading 0 native plugins for Editor in 0.00 ms.
Unloading 1197 Unused Serialized files (Serialized files now loaded: 0)
System memory in use before: 121.1 MB.
System memory in use after: 121.1 MB.

Unloading 6 unused Assets to reduce memory usage. Loaded Objects now: 1661.
Total: 1.957219 ms (FindLiveObjects: 0.240741 ms CreateObjectMapping: 0.059056 ms MarkObjects: 1.604646 ms  DeleteObjects: 0.051277 ms)

